============================= test session starts ==============================
platform darwin -- Python 3.9.6, pytest-8.4.2, pluggy-1.6.0
rootdir: /Users/linda/jhu_software_concepts/module_4
configfile: pytest.ini
plugins: anyio-4.12.1, cov-7.1.0
collected 18 items

tests/test_analysis_format.py .                                          [  5%]
tests/test_buttons.py ...                                                [ 22%]
tests/test_db_insert.py ...                                              [ 38%]
tests/test_flask_page.py ..                                              [ 50%]
tests/test_integration_end_to_end.py ..                                  [ 61%]
tests/test_modules_coverage.py .......                                   [100%]

=============================== warnings summary ===============================
../../Library/Python/3.9/lib/python/site-packages/urllib3/__init__.py:35
  /Users/linda/Library/Python/3.9/lib/python/site-packages/urllib3/__init__.py:35: NotOpenSSLWarning: urllib3 v2 only supports OpenSSL 1.1.1+, currently the 'ssl' module is compiled with 'LibreSSL 2.8.3'. See: https://github.com/urllib3/urllib3/issues/3020
    warnings.warn(

tests/test_db_insert.py::test_idempotency_and_constraints
  /Users/linda/jhu_software_concepts/module_4/tests/test_db_insert.py:56: SAWarning: New instance <Applicant at 0x10a38ebb0> with identity key (<class 'models.Applicant'>, (888888,), None) conflicts with persistent instance <Applicant at 0x10a5290a0>
    session.commit()

-- Docs: https://docs.pytest.org/en/stable/how-to/capture-warnings.html
================================ tests coverage ================================
_______________ coverage: platform darwin, python 3.9.6-final-0 ________________

Name                   Stmts   Miss  Cover
------------------------------------------
src/__init__.py            0      0   100%
src/app.py                83      0   100%
src/capture_pages.py      29      0   100%
src/clean.py              32      0   100%
src/load_data.py          26      0   100%
src/models.py             29      0   100%
src/orm_queries.py        35      0   100%
src/query_data.py         63      0   100%
src/scrape.py             77      0   100%
------------------------------------------
TOTAL                    374      0   100%
======================== 18 passed, 2 warnings in 0.36s ========================
